<?xml version="1.0" encoding="UTF-8"?>
<!-- Generated by org.testng.reporters.JUnitReportReporter -->
<testsuite hostname="DESKTOP-0F4J0C4" failures="0" tests="1" name="scripting.Testcase1" time="12.952" errors="0" timestamp="2022-11-05T16:48:55 PDT" skipped="0">
  <testcase classname="scripting.Testcase1" name="tc1" time="12.952"/>
  <system-out/>
</testsuite> <!-- scripting.Testcase1 -->
