<?xml version="1.0" encoding="UTF-8"?>
<!-- Generated by org.testng.reporters.JUnitReportReporter -->
<testsuite hostname="DESKTOP-0F4J0C4" failures="0" tests="1" name="scripting.Testcase2" time="65.200" errors="0" timestamp="2022-11-05T16:48:55 PDT" skipped="0">
  <testcase classname="scripting.Testcase2" name="tc2" time="65.200"/>
  <system-out/>
</testsuite> <!-- scripting.Testcase2 -->
